<?xml version="1.0" encoding="UTF-8"?>
<!-- Generated by org.testng.reporters.JUnitReportReporter -->
<testsuite hostname="Toshif" failures="0" tests="3" name="com.oct15.Project8" time="0.007" errors="0" timestamp="2022-10-27T08:38:46 IST" skipped="0">
  <testcase classname="com.oct15.Project8" name="cat" time="0.006"/>
  <system-out/>
  <testcase classname="com.oct15.Project8" name="elephant" time="0.001"/>
  <system-out/>
  <testcase classname="com.oct15.Project8" name="dog" time="0.000"/>
  <system-out/>
</testsuite> <!-- com.oct15.Project8 -->
