<?xml version="1.0" encoding="UTF-8"?>
<!-- Generated by org.testng.reporters.JUnitReportReporter -->
<testsuite hostname="Toshif" failures="0" tests="1" name="com.oct15.Test111" time="0.005" errors="0" timestamp="2022-10-26T08:53:44 IST" skipped="0">
  <testcase classname="com.oct15.Test111" name="Test1" time="0.005"/>
  <system-out/>
</testsuite> <!-- com.oct15.Test111 -->
