<?xml version="1.0" encoding="UTF-8"?>
<!-- Generated by org.testng.reporters.JUnitReportReporter -->
<testsuite hostname="Toshif" failures="0" tests="2" name="com.oct15.Project7" time="12.925" errors="0" timestamp="2022-10-27T08:54:11 IST" skipped="0">
  <testcase classname="com.oct15.Project7" name="test2" time="9.836"/>
  <system-out/>
  <testcase classname="com.oct15.Project7" name="test1" time="3.089"/>
  <system-out>
sucess  </system-out>
</testsuite> <!-- com.oct15.Project7 -->
