<?xml version="1.0" encoding="UTF-8"?>
<!-- Generated by org.testng.reporters.JUnitReportReporter -->
<testsuite hostname="Toshif" failures="0" tests="8" name="com.oct15.Invocation" time="0.013" errors="0" timestamp="2022-10-27T08:57:56 IST" skipped="0">
  <testcase classname="com.oct15.Invocation" name="student3" time="0.001"/>
  <system-out/>
  <testcase classname="com.oct15.Invocation" name="student2" time="0.001"/>
  <system-out>
sucess  </system-out>
  <testcase classname="com.oct15.Invocation" name="student3" time="0.001"/>
  <system-out/>
  <testcase classname="com.oct15.Invocation" name="student3" time="0.000"/>
  <system-out/>
  <testcase classname="com.oct15.Invocation" name="student2" time="0.002"/>
  <system-out>
sucess  </system-out>
  <testcase classname="com.oct15.Invocation" name="student1" time="0.006"/>
  <system-out>
success  </system-out>
  <testcase classname="com.oct15.Invocation" name="student3" time="0.001"/>
  <system-out/>
  <testcase classname="com.oct15.Invocation" name="student3" time="0.001"/>
  <system-out/>
</testsuite> <!-- com.oct15.Invocation -->
